Start testing: Apr 01 22:37 中国标准时间
----------------------------------------------------------
3/3 Testing: test_del
3/3 Test: test_del
Command: "C:/Users/19513/Desktop/cmake/build/Test/test_del.exe"
Directory: C:/Users/19513/Desktop/cmake/build/Test
"test_del" start time: Apr 01 22:37 中国标准时间
Output:
----------------------------------------------------------
Running main() from C:/Users/19513/Desktop/cmake/thirdpart/googletest-1.16.0/googletest/src/gtest_main.cc
[==========] Running 2 tests from 1 test suite.
[----------] Global test environment set-up.
[----------] 2 tests from TestDel
[ RUN      ] TestDel.one
[       OK ] TestDel.one (0 ms)
[ RUN      ] TestDel.two
[       OK ] TestDel.two (0 ms)
[----------] 2 tests from TestDel (0 ms total)

[----------] Global test environment tear-down
[==========] 2 tests from 1 test suite ran. (0 ms total)
[  PASSED  ] 2 tests.
<end of output>
Test time =   0.05 sec
----------------------------------------------------------
Test Passed.
"test_del" end time: Apr 01 22:37 中国标准时间
"test_del" time elapsed: 00:00:00
----------------------------------------------------------

2/3 Testing: test_add
2/3 Test: test_add
Command: "C:/Users/19513/Desktop/cmake/build/Test/test_add.exe"
Directory: C:/Users/19513/Desktop/cmake/build/Test
"test_add" start time: Apr 01 22:37 中国标准时间
Output:
----------------------------------------------------------
Running main() from C:/Users/19513/Desktop/cmake/thirdpart/googletest-1.16.0/googletest/src/gtest_main.cc
[==========] Running 2 tests from 1 test suite.
[----------] Global test environment set-up.
[----------] 2 tests from test_add
[ RUN      ] test_add.one
[       OK ] test_add.one (0 ms)
[ RUN      ] test_add.two
[       OK ] test_add.two (0 ms)
[----------] 2 tests from test_add (0 ms total)

[----------] Global test environment tear-down
[==========] 2 tests from 1 test suite ran. (0 ms total)
[  PASSED  ] 2 tests.
<end of output>
Test time =   0.03 sec
----------------------------------------------------------
Test Passed.
"test_add" end time: Apr 01 22:37 中国标准时间
"test_add" time elapsed: 00:00:00
----------------------------------------------------------

1/3 Testing: test_add
1/3 Test: test_add
Command: "C:/Users/19513/Desktop/cmake/build/test_add.exe"
Directory: C:/Users/19513/Desktop/cmake/build
"test_add" start time: Apr 01 22:37 中国标准时间
Output:
----------------------------------------------------------
Running main() from C:/Users/19513/Desktop/cmake/thirdpart/googletest-1.16.0/googletest/src/gtest_main.cc
[==========] Running 2 tests from 1 test suite.
[----------] Global test environment set-up.
[----------] 2 tests from test_add
[ RUN      ] test_add.one
[       OK ] test_add.one (0 ms)
[ RUN      ] test_add.two
[       OK ] test_add.two (0 ms)
[----------] 2 tests from test_add (0 ms total)

[----------] Global test environment tear-down
[==========] 2 tests from 1 test suite ran. (0 ms total)
[  PASSED  ] 2 tests.
<end of output>
Test time =   0.02 sec
----------------------------------------------------------
Test Passed.
"test_add" end time: Apr 01 22:37 中国标准时间
"test_add" time elapsed: 00:00:00
----------------------------------------------------------

End testing: Apr 01 22:37 中国标准时间
